"../../Plugins/2D/Paper2D/Content/PlaceholderTextures/DummySpriteTexture.uasset" 0
"../../Plugins/2D/Paper2D/Content/DefaultSpriteMaterial.uasset" 1
"../../Plugins/2D/Paper2D/Content/TranslucentUnlitSpriteMaterial.uasset" 2
"D:/Documents/Unreal Projects/Scripting_For_Games/Content/Sprites/Player/Idle__10_.uasset" 3
"D:/Documents/Unreal Projects/Scripting_For_Games/Content/Sprites/Player/Idle__10__Sprite.uasset" 4
"D:/Documents/Unreal Projects/Scripting_For_Games/Content/Sprites/Player/Idle__1_.uasset" 5
"D:/Documents/Unreal Projects/Scripting_For_Games/Content/Sprites/Player/Idle__1__Sprite.uasset" 6
"D:/Documents/Unreal Projects/Scripting_For_Games/Content/Sprites/Player/Idle__2_.uasset" 7
"D:/Documents/Unreal Projects/Scripting_For_Games/Content/Sprites/Player/Idle__2__Sprite.uasset" 8
"D:/Documents/Unreal Projects/Scripting_For_Games/Content/Sprites/Player/Idle__3_.uasset" 9
"D:/Documents/Unreal Projects/Scripting_For_Games/Content/Sprites/Player/Idle__3__Sprite.uasset" 10
"D:/Documents/Unreal Projects/Scripting_For_Games/Content/Sprites/Player/Idle__4_.uasset" 11
"D:/Documents/Unreal Projects/Scripting_For_Games/Content/Sprites/Player/Idle__4__Sprite.uasset" 12
"D:/Documents/Unreal Projects/Scripting_For_Games/Content/Sprites/Player/Idle__5_.uasset" 13
"D:/Documents/Unreal Projects/Scripting_For_Games/Content/Sprites/Player/Idle__5__Sprite.uasset" 14
"D:/Documents/Unreal Projects/Scripting_For_Games/Content/Sprites/Player/Idle__6_.uasset" 15
"D:/Documents/Unreal Projects/Scripting_For_Games/Content/Sprites/Player/Idle__6__Sprite.uasset" 16
"D:/Documents/Unreal Projects/Scripting_For_Games/Content/Sprites/Player/Idle__7_.uasset" 17
"D:/Documents/Unreal Projects/Scripting_For_Games/Content/Sprites/Player/Idle__7__Sprite.uasset" 18
"D:/Documents/Unreal Projects/Scripting_For_Games/Content/Sprites/Player/Idle__8_.uasset" 19
"D:/Documents/Unreal Projects/Scripting_For_Games/Content/Sprites/Player/Idle__8__Sprite.uasset" 20
"D:/Documents/Unreal Projects/Scripting_For_Games/Content/Sprites/Player/Idle__9_.uasset" 21
"D:/Documents/Unreal Projects/Scripting_For_Games/Content/Sprites/Player/Idle__9__Sprite.uasset" 22
"D:/Documents/Unreal Projects/Scripting_For_Games/Content/Animations/Idle.uasset" 23
"D:/Documents/Unreal Projects/Scripting_For_Games/Content/Sprites/Player/Walk__10_.uasset" 24
"D:/Documents/Unreal Projects/Scripting_For_Games/Content/Sprites/Player/Walk__10__Sprite.uasset" 25
"D:/Documents/Unreal Projects/Scripting_For_Games/Content/Sprites/Player/Walk__1_.uasset" 26
"D:/Documents/Unreal Projects/Scripting_For_Games/Content/Sprites/Player/Walk__1__Sprite.uasset" 27
"D:/Documents/Unreal Projects/Scripting_For_Games/Content/Sprites/Player/Walk__2_.uasset" 28
"D:/Documents/Unreal Projects/Scripting_For_Games/Content/Sprites/Player/Walk__2__Sprite.uasset" 29
"D:/Documents/Unreal Projects/Scripting_For_Games/Content/Sprites/Player/Walk__3_.uasset" 30
"D:/Documents/Unreal Projects/Scripting_For_Games/Content/Sprites/Player/Walk__3__Sprite.uasset" 31
"D:/Documents/Unreal Projects/Scripting_For_Games/Content/Sprites/Player/Walk__4_.uasset" 32
"D:/Documents/Unreal Projects/Scripting_For_Games/Content/Sprites/Player/Walk__4__Sprite.uasset" 33
"D:/Documents/Unreal Projects/Scripting_For_Games/Content/Sprites/Player/Walk__5_.uasset" 34
"D:/Documents/Unreal Projects/Scripting_For_Games/Content/Sprites/Player/Walk__5__Sprite.uasset" 35
"D:/Documents/Unreal Projects/Scripting_For_Games/Content/Sprites/Player/Walk__6_.uasset" 36
"D:/Documents/Unreal Projects/Scripting_For_Games/Content/Sprites/Player/Walk__6__Sprite.uasset" 37
"D:/Documents/Unreal Projects/Scripting_For_Games/Content/Sprites/Player/Walk__7_.uasset" 38
"D:/Documents/Unreal Projects/Scripting_For_Games/Content/Sprites/Player/Walk__7__Sprite.uasset" 39
"D:/Documents/Unreal Projects/Scripting_For_Games/Content/Sprites/Player/Walk__8_.uasset" 40
"D:/Documents/Unreal Projects/Scripting_For_Games/Content/Sprites/Player/Walk__8__Sprite.uasset" 41
"D:/Documents/Unreal Projects/Scripting_For_Games/Content/Sprites/Player/Walk__9_.uasset" 42
"D:/Documents/Unreal Projects/Scripting_For_Games/Content/Sprites/Player/Walk__9__Sprite.uasset" 43
"D:/Documents/Unreal Projects/Scripting_For_Games/Content/Animations/Walk.uasset" 44
"D:/Documents/Unreal Projects/Scripting_For_Games/Content/Player.uasset" 45
"D:/Documents/Unreal Projects/Scripting_For_Games/Content/Sprites/Wizard/sorlo_super_sheet.uasset" 46
"D:/Documents/Unreal Projects/Scripting_For_Games/Content/Sprites/Wizard/sorlo_super_sheet_Sprite_69.uasset" 47
"D:/Documents/Unreal Projects/Scripting_For_Games/Content/Sprites/Wizard/sorlo_super_sheet_Sprite_70.uasset" 48
"D:/Documents/Unreal Projects/Scripting_For_Games/Content/Sprites/Wizard/sorlo_super_sheet_Sprite_71.uasset" 49
"D:/Documents/Unreal Projects/Scripting_For_Games/Content/Sprites/Wizard/sorlo_super_sheet_Sprite_72.uasset" 50
"D:/Documents/Unreal Projects/Scripting_For_Games/Content/Animations/Fireball.uasset" 51
"D:/Documents/Unreal Projects/Scripting_For_Games/Content/Fireball.uasset" 52
"D:/Documents/Unreal Projects/Scripting_For_Games/Content/Sprites/Wizard/sorlo_super_sheet_Sprite_10.uasset" 53
"D:/Documents/Unreal Projects/Scripting_For_Games/Content/Sprites/Wizard/sorlo_super_sheet_Sprite_11.uasset" 54
"D:/Documents/Unreal Projects/Scripting_For_Games/Content/Sprites/Wizard/sorlo_super_sheet_Sprite_8.uasset" 55
"D:/Documents/Unreal Projects/Scripting_For_Games/Content/Sprites/Wizard/sorlo_super_sheet_Sprite_9.uasset" 56
"D:/Documents/Unreal Projects/Scripting_For_Games/Content/Animations/Wizard_Idle.uasset" 57
"../../../Engine/Content/EngineMaterials/DefaultDiffuse.uasset" 58
"../../../Engine/Content/Functions/Engine_MaterialFunctions01/Texturing/TextureCropping.uasset" 59
"../../../Engine/Content/Functions/Engine_MaterialFunctions02/Utility/BreakOutFloat2Components.uasset" 60
"../../../Engine/Content/Functions/Engine_MaterialFunctions01/Texturing/ComputeMipLevel.uasset" 61
"../../../Engine/Content/Functions/Engine_MaterialFunctions02/ExampleContent/DebugNumberStrip.uasset" 62
"../../../Engine/Content/Functions/Engine_MaterialFunctions02/ExampleContent/Textures/DebugNumberPeriod.uasset" 63
"../../../Engine/Content/Functions/Engine_MaterialFunctions02/Utility/DebugScalarValues.uasset" 64
"../../../Engine/Content/Functions/Engine_MaterialFunctions02/Utility/DebugFloat2Values.uasset" 65
"../../../Engine/Content/Functions/Engine_MaterialFunctions02/ExampleContent/Textures/flipbook.uasset" 66
"../../../Engine/Content/Functions/Engine_MaterialFunctions02/Texturing/FlipBook.uasset" 67
"D:/Documents/Unreal Projects/Scripting_For_Games/Content/Animations/text.uasset" 68
"D:/Documents/Unreal Projects/Scripting_For_Games/Content/Animations/NewMaterial.uasset" 69
"D:/Documents/Unreal Projects/Scripting_For_Games/Content/Dialogue_1.uasset" 70
"D:/Documents/Unreal Projects/Scripting_For_Games/Content/Wizard.uasset" 71
"D:/Documents/Unreal Projects/Scripting_For_Games/Content/NewBlueprint.uasset" 72
"D:/Documents/Unreal Projects/Scripting_For_Games/Content/tilesetOpenGameBackground.uasset" 73
"D:/Documents/Unreal Projects/Scripting_For_Games/Content/Sprites/Player/Attack__10_.uasset" 74
"D:/Documents/Unreal Projects/Scripting_For_Games/Content/Sprites/Player/Attack__10__Sprite.uasset" 75
"D:/Documents/Unreal Projects/Scripting_For_Games/Content/Sprites/Player/Attack__1_.uasset" 76
"D:/Documents/Unreal Projects/Scripting_For_Games/Content/Sprites/Player/Attack__1__Sprite.uasset" 77
"D:/Documents/Unreal Projects/Scripting_For_Games/Content/Sprites/Player/Attack__2_.uasset" 78
"D:/Documents/Unreal Projects/Scripting_For_Games/Content/Sprites/Player/Attack__2__Sprite.uasset" 79
"D:/Documents/Unreal Projects/Scripting_For_Games/Content/Sprites/Player/Attack__3_.uasset" 80
"D:/Documents/Unreal Projects/Scripting_For_Games/Content/Sprites/Player/Attack__3__Sprite.uasset" 81
"D:/Documents/Unreal Projects/Scripting_For_Games/Content/Sprites/Player/Attack__4_.uasset" 82
"D:/Documents/Unreal Projects/Scripting_For_Games/Content/Sprites/Player/Attack__4__Sprite.uasset" 83
"D:/Documents/Unreal Projects/Scripting_For_Games/Content/Sprites/Player/Attack__5_.uasset" 84
"D:/Documents/Unreal Projects/Scripting_For_Games/Content/Sprites/Player/Attack__5__Sprite.uasset" 85
"D:/Documents/Unreal Projects/Scripting_For_Games/Content/Sprites/Player/Attack__6_.uasset" 86
"D:/Documents/Unreal Projects/Scripting_For_Games/Content/Sprites/Player/Attack__6__Sprite.uasset" 87
"D:/Documents/Unreal Projects/Scripting_For_Games/Content/Sprites/Player/Attack__7_.uasset" 88
"D:/Documents/Unreal Projects/Scripting_For_Games/Content/Sprites/Player/Attack__7__Sprite.uasset" 89
"D:/Documents/Unreal Projects/Scripting_For_Games/Content/Sprites/Player/Attack__8_.uasset" 90
"D:/Documents/Unreal Projects/Scripting_For_Games/Content/Sprites/Player/Attack__8__Sprite.uasset" 91
"D:/Documents/Unreal Projects/Scripting_For_Games/Content/Sprites/Player/Attack__9_.uasset" 92
"D:/Documents/Unreal Projects/Scripting_For_Games/Content/Sprites/Player/Attack__9__Sprite.uasset" 93
"D:/Documents/Unreal Projects/Scripting_For_Games/Content/Animations/Attack.uasset" 94
"D:/Documents/Unreal Projects/Scripting_For_Games/Content/Sprites/Player/Dead__10_.uasset" 95
"D:/Documents/Unreal Projects/Scripting_For_Games/Content/Sprites/Player/Dead__10__Sprite.uasset" 96
"D:/Documents/Unreal Projects/Scripting_For_Games/Content/Sprites/Player/Dead__1_.uasset" 97
"D:/Documents/Unreal Projects/Scripting_For_Games/Content/Sprites/Player/Dead__1__Sprite.uasset" 98
"D:/Documents/Unreal Projects/Scripting_For_Games/Content/Sprites/Player/Dead__2_.uasset" 99
"D:/Documents/Unreal Projects/Scripting_For_Games/Content/Sprites/Player/Dead__2__Sprite.uasset" 100
"D:/Documents/Unreal Projects/Scripting_For_Games/Content/Sprites/Player/Dead__3_.uasset" 101
"D:/Documents/Unreal Projects/Scripting_For_Games/Content/Sprites/Player/Dead__3__Sprite.uasset" 102
"D:/Documents/Unreal Projects/Scripting_For_Games/Content/Sprites/Player/Dead__4_.uasset" 103
"D:/Documents/Unreal Projects/Scripting_For_Games/Content/Sprites/Player/Dead__4__Sprite.uasset" 104
"D:/Documents/Unreal Projects/Scripting_For_Games/Content/Sprites/Player/Dead__5_.uasset" 105
"D:/Documents/Unreal Projects/Scripting_For_Games/Content/Sprites/Player/Dead__5__Sprite.uasset" 106
"D:/Documents/Unreal Projects/Scripting_For_Games/Content/Sprites/Player/Dead__6_.uasset" 107
"D:/Documents/Unreal Projects/Scripting_For_Games/Content/Sprites/Player/Dead__6__Sprite.uasset" 108
"D:/Documents/Unreal Projects/Scripting_For_Games/Content/Sprites/Player/Dead__7_.uasset" 109
"D:/Documents/Unreal Projects/Scripting_For_Games/Content/Sprites/Player/Dead__7__Sprite.uasset" 110
"D:/Documents/Unreal Projects/Scripting_For_Games/Content/Sprites/Player/Dead__8_.uasset" 111
"D:/Documents/Unreal Projects/Scripting_For_Games/Content/Sprites/Player/Dead__8__Sprite.uasset" 112
"D:/Documents/Unreal Projects/Scripting_For_Games/Content/Sprites/Player/Dead__9_.uasset" 113
"D:/Documents/Unreal Projects/Scripting_For_Games/Content/Sprites/Player/Dead__9__Sprite.uasset" 114
"D:/Documents/Unreal Projects/Scripting_For_Games/Content/Animations/Dead.uasset" 115
"D:/Documents/Unreal Projects/Scripting_For_Games/Content/Sprites/Player/Jump__10_.uasset" 116
"D:/Documents/Unreal Projects/Scripting_For_Games/Content/Sprites/Player/Jump__10__Sprite.uasset" 117
"D:/Documents/Unreal Projects/Scripting_For_Games/Content/Sprites/Player/Jump__1_.uasset" 118
"D:/Documents/Unreal Projects/Scripting_For_Games/Content/Sprites/Player/Jump__1__Sprite.uasset" 119
"D:/Documents/Unreal Projects/Scripting_For_Games/Content/Sprites/Player/Jump__2_.uasset" 120
"D:/Documents/Unreal Projects/Scripting_For_Games/Content/Sprites/Player/Jump__2__Sprite.uasset" 121
"D:/Documents/Unreal Projects/Scripting_For_Games/Content/Sprites/Player/Jump__3_.uasset" 122
"D:/Documents/Unreal Projects/Scripting_For_Games/Content/Sprites/Player/Jump__3__Sprite.uasset" 123
"D:/Documents/Unreal Projects/Scripting_For_Games/Content/Sprites/Player/Jump__4_.uasset" 124
"D:/Documents/Unreal Projects/Scripting_For_Games/Content/Sprites/Player/Jump__4__Sprite.uasset" 125
"D:/Documents/Unreal Projects/Scripting_For_Games/Content/Sprites/Player/Jump__5_.uasset" 126
"D:/Documents/Unreal Projects/Scripting_For_Games/Content/Sprites/Player/Jump__5__Sprite.uasset" 127
"D:/Documents/Unreal Projects/Scripting_For_Games/Content/Sprites/Player/Jump__6_.uasset" 128
"D:/Documents/Unreal Projects/Scripting_For_Games/Content/Sprites/Player/Jump__6__Sprite.uasset" 129
"D:/Documents/Unreal Projects/Scripting_For_Games/Content/Sprites/Player/Jump__7_.uasset" 130
"D:/Documents/Unreal Projects/Scripting_For_Games/Content/Sprites/Player/Jump__7__Sprite.uasset" 131
"D:/Documents/Unreal Projects/Scripting_For_Games/Content/Sprites/Player/Jump__8_.uasset" 132
"D:/Documents/Unreal Projects/Scripting_For_Games/Content/Sprites/Player/Jump__8__Sprite.uasset" 133
"D:/Documents/Unreal Projects/Scripting_For_Games/Content/Sprites/Player/Jump__9_.uasset" 134
"D:/Documents/Unreal Projects/Scripting_For_Games/Content/Sprites/Player/Jump__9__Sprite.uasset" 135
"D:/Documents/Unreal Projects/Scripting_For_Games/Content/Animations/Jump.uasset" 136
"D:/Documents/Unreal Projects/Scripting_For_Games/Content/Sprites/Player/JumpAttack__10_.uasset" 137
"D:/Documents/Unreal Projects/Scripting_For_Games/Content/Sprites/Player/JumpAttack__10__Sprite.uasset" 138
"D:/Documents/Unreal Projects/Scripting_For_Games/Content/Sprites/Player/JumpAttack__1_.uasset" 139
"D:/Documents/Unreal Projects/Scripting_For_Games/Content/Sprites/Player/JumpAttack__1__Sprite.uasset" 140
"D:/Documents/Unreal Projects/Scripting_For_Games/Content/Sprites/Player/JumpAttack__2_.uasset" 141
"D:/Documents/Unreal Projects/Scripting_For_Games/Content/Sprites/Player/JumpAttack__2__Sprite.uasset" 142
"D:/Documents/Unreal Projects/Scripting_For_Games/Content/Sprites/Player/JumpAttack__3_.uasset" 143
"D:/Documents/Unreal Projects/Scripting_For_Games/Content/Sprites/Player/JumpAttack__3__Sprite.uasset" 144
"D:/Documents/Unreal Projects/Scripting_For_Games/Content/Sprites/Player/JumpAttack__4_.uasset" 145
"D:/Documents/Unreal Projects/Scripting_For_Games/Content/Sprites/Player/JumpAttack__4__Sprite.uasset" 146
"D:/Documents/Unreal Projects/Scripting_For_Games/Content/Sprites/Player/JumpAttack__5_.uasset" 147
"D:/Documents/Unreal Projects/Scripting_For_Games/Content/Sprites/Player/JumpAttack__5__Sprite.uasset" 148
"D:/Documents/Unreal Projects/Scripting_For_Games/Content/Sprites/Player/JumpAttack__6_.uasset" 149
"D:/Documents/Unreal Projects/Scripting_For_Games/Content/Sprites/Player/JumpAttack__6__Sprite.uasset" 150
"D:/Documents/Unreal Projects/Scripting_For_Games/Content/Sprites/Player/JumpAttack__7_.uasset" 151
"D:/Documents/Unreal Projects/Scripting_For_Games/Content/Sprites/Player/JumpAttack__7__Sprite.uasset" 152
"D:/Documents/Unreal Projects/Scripting_For_Games/Content/Sprites/Player/JumpAttack__8_.uasset" 153
"D:/Documents/Unreal Projects/Scripting_For_Games/Content/Sprites/Player/JumpAttack__8__Sprite.uasset" 154
"D:/Documents/Unreal Projects/Scripting_For_Games/Content/Sprites/Player/JumpAttack__9_.uasset" 155
"D:/Documents/Unreal Projects/Scripting_For_Games/Content/Sprites/Player/JumpAttack__9__Sprite.uasset" 156
"D:/Documents/Unreal Projects/Scripting_For_Games/Content/Animations/JumpAttack.uasset" 157
"D:/Documents/Unreal Projects/Scripting_For_Games/Content/Sprites/Text/frame_00_delay-0_02s.uasset" 158
"D:/Documents/Unreal Projects/Scripting_For_Games/Content/Sprites/Text/frame_00_delay-0_02s_Sprite_0.uasset" 159
"D:/Documents/Unreal Projects/Scripting_For_Games/Content/Sprites/Text/frame_01_delay-0_02s.uasset" 160
"D:/Documents/Unreal Projects/Scripting_For_Games/Content/Sprites/Text/frame_01_delay-0_02s_Sprite_0.uasset" 161
"D:/Documents/Unreal Projects/Scripting_For_Games/Content/Sprites/Text/frame_02_delay-0_02s.uasset" 162
"D:/Documents/Unreal Projects/Scripting_For_Games/Content/Sprites/Text/frame_02_delay-0_02s_Sprite_0.uasset" 163
"D:/Documents/Unreal Projects/Scripting_For_Games/Content/Sprites/Text/frame_03_delay-0_02s.uasset" 164
"D:/Documents/Unreal Projects/Scripting_For_Games/Content/Sprites/Text/frame_03_delay-0_02s_Sprite_0.uasset" 165
"D:/Documents/Unreal Projects/Scripting_For_Games/Content/Sprites/Text/frame_04_delay-0_02s.uasset" 166
"D:/Documents/Unreal Projects/Scripting_For_Games/Content/Sprites/Text/frame_04_delay-0_02s_Sprite_0.uasset" 167
"D:/Documents/Unreal Projects/Scripting_For_Games/Content/Sprites/Text/frame_05_delay-0_02s.uasset" 168
"D:/Documents/Unreal Projects/Scripting_For_Games/Content/Sprites/Text/frame_05_delay-0_02s_Sprite_0.uasset" 169
"D:/Documents/Unreal Projects/Scripting_For_Games/Content/Sprites/Text/frame_06_delay-0_02s.uasset" 170
"D:/Documents/Unreal Projects/Scripting_For_Games/Content/Sprites/Text/frame_06_delay-0_02s_Sprite_0.uasset" 171
"D:/Documents/Unreal Projects/Scripting_For_Games/Content/Sprites/Text/frame_07_delay-0_02s.uasset" 172
"D:/Documents/Unreal Projects/Scripting_For_Games/Content/Sprites/Text/frame_07_delay-0_02s_Sprite_0.uasset" 173
"D:/Documents/Unreal Projects/Scripting_For_Games/Content/Sprites/Text/frame_08_delay-0_02s.uasset" 174
"D:/Documents/Unreal Projects/Scripting_For_Games/Content/Sprites/Text/frame_08_delay-0_02s_Sprite_0.uasset" 175
"D:/Documents/Unreal Projects/Scripting_For_Games/Content/Sprites/Text/frame_09_delay-0_02s.uasset" 176
"D:/Documents/Unreal Projects/Scripting_For_Games/Content/Sprites/Text/frame_09_delay-0_02s_Sprite_0.uasset" 177
"D:/Documents/Unreal Projects/Scripting_For_Games/Content/Sprites/Text/frame_10_delay-0_02s.uasset" 178
"D:/Documents/Unreal Projects/Scripting_For_Games/Content/Sprites/Text/frame_10_delay-0_02s_Sprite_0.uasset" 179
"D:/Documents/Unreal Projects/Scripting_For_Games/Content/Sprites/Text/frame_11_delay-0_02s.uasset" 180
"D:/Documents/Unreal Projects/Scripting_For_Games/Content/Sprites/Text/frame_11_delay-0_02s_Sprite_0.uasset" 181
"D:/Documents/Unreal Projects/Scripting_For_Games/Content/Sprites/Text/frame_12_delay-0_02s.uasset" 182
"D:/Documents/Unreal Projects/Scripting_For_Games/Content/Sprites/Text/frame_12_delay-0_02s_Sprite_0.uasset" 183
"D:/Documents/Unreal Projects/Scripting_For_Games/Content/Sprites/Text/frame_13_delay-0_02s.uasset" 184
"D:/Documents/Unreal Projects/Scripting_For_Games/Content/Sprites/Text/frame_13_delay-0_02s_Sprite_0.uasset" 185
"D:/Documents/Unreal Projects/Scripting_For_Games/Content/Sprites/Text/frame_14_delay-0_02s.uasset" 186
"D:/Documents/Unreal Projects/Scripting_For_Games/Content/Sprites/Text/frame_14_delay-0_02s_Sprite_0.uasset" 187
"D:/Documents/Unreal Projects/Scripting_For_Games/Content/Sprites/Text/frame_15_delay-0_02s.uasset" 188
"D:/Documents/Unreal Projects/Scripting_For_Games/Content/Sprites/Text/frame_15_delay-0_02s_Sprite_0.uasset" 189
"D:/Documents/Unreal Projects/Scripting_For_Games/Content/Sprites/Text/frame_16_delay-0_02s.uasset" 190
"D:/Documents/Unreal Projects/Scripting_For_Games/Content/Sprites/Text/frame_16_delay-0_02s_Sprite_0.uasset" 191
"D:/Documents/Unreal Projects/Scripting_For_Games/Content/Sprites/Text/frame_17_delay-0_02s.uasset" 192
"D:/Documents/Unreal Projects/Scripting_For_Games/Content/Sprites/Text/frame_17_delay-0_02s_Sprite_0.uasset" 193
"D:/Documents/Unreal Projects/Scripting_For_Games/Content/Sprites/Text/frame_18_delay-0_02s.uasset" 194
"D:/Documents/Unreal Projects/Scripting_For_Games/Content/Sprites/Text/frame_18_delay-0_02s_Sprite_0.uasset" 195
"D:/Documents/Unreal Projects/Scripting_For_Games/Content/Sprites/Text/frame_19_delay-0_02s.uasset" 196
"D:/Documents/Unreal Projects/Scripting_For_Games/Content/Sprites/Text/frame_19_delay-0_02s_Sprite_0.uasset" 197
"D:/Documents/Unreal Projects/Scripting_For_Games/Content/Sprites/Text/frame_20_delay-0_02s.uasset" 198
"D:/Documents/Unreal Projects/Scripting_For_Games/Content/Sprites/Text/frame_20_delay-0_02s_Sprite_0.uasset" 199
"D:/Documents/Unreal Projects/Scripting_For_Games/Content/Sprites/Text/frame_21_delay-1_5s.uasset" 200
"D:/Documents/Unreal Projects/Scripting_For_Games/Content/Sprites/Text/frame_21_delay-1_5s_Sprite_0.uasset" 201
"D:/Documents/Unreal Projects/Scripting_For_Games/Content/Animations/NewPaperFlipbook.uasset" 202
"D:/Documents/Unreal Projects/Scripting_For_Games/Content/Sprites/Player/Run__10_.uasset" 203
"D:/Documents/Unreal Projects/Scripting_For_Games/Content/Sprites/Player/Run__10__Sprite.uasset" 204
"D:/Documents/Unreal Projects/Scripting_For_Games/Content/Sprites/Player/Run__1_.uasset" 205
"D:/Documents/Unreal Projects/Scripting_For_Games/Content/Sprites/Player/Run__1__Sprite.uasset" 206
"D:/Documents/Unreal Projects/Scripting_For_Games/Content/Sprites/Player/Run__2_.uasset" 207
"D:/Documents/Unreal Projects/Scripting_For_Games/Content/Sprites/Player/Run__2__Sprite.uasset" 208
"D:/Documents/Unreal Projects/Scripting_For_Games/Content/Sprites/Player/Run__3_.uasset" 209
"D:/Documents/Unreal Projects/Scripting_For_Games/Content/Sprites/Player/Run__3__Sprite.uasset" 210
"D:/Documents/Unreal Projects/Scripting_For_Games/Content/Sprites/Player/Run__4_.uasset" 211
"D:/Documents/Unreal Projects/Scripting_For_Games/Content/Sprites/Player/Run__4__Sprite.uasset" 212
"D:/Documents/Unreal Projects/Scripting_For_Games/Content/Sprites/Player/Run__5_.uasset" 213
"D:/Documents/Unreal Projects/Scripting_For_Games/Content/Sprites/Player/Run__5__Sprite.uasset" 214
"D:/Documents/Unreal Projects/Scripting_For_Games/Content/Sprites/Player/Run__6_.uasset" 215
"D:/Documents/Unreal Projects/Scripting_For_Games/Content/Sprites/Player/Run__6__Sprite.uasset" 216
"D:/Documents/Unreal Projects/Scripting_For_Games/Content/Sprites/Player/Run__7_.uasset" 217
"D:/Documents/Unreal Projects/Scripting_For_Games/Content/Sprites/Player/Run__7__Sprite.uasset" 218
"D:/Documents/Unreal Projects/Scripting_For_Games/Content/Sprites/Player/Run__8_.uasset" 219
"D:/Documents/Unreal Projects/Scripting_For_Games/Content/Sprites/Player/Run__8__Sprite.uasset" 220
"D:/Documents/Unreal Projects/Scripting_For_Games/Content/Sprites/Player/Run__9_.uasset" 221
"D:/Documents/Unreal Projects/Scripting_For_Games/Content/Sprites/Player/Run__9__Sprite.uasset" 222
"D:/Documents/Unreal Projects/Scripting_For_Games/Content/Animations/Run.uasset" 223
"D:/Documents/Unreal Projects/Scripting_For_Games/Content/Sprites/Wizard/sorlo_super_sheet_Sprite_63.uasset" 224
"D:/Documents/Unreal Projects/Scripting_For_Games/Content/Sprites/Wizard/sorlo_super_sheet_Sprite_64.uasset" 225
"D:/Documents/Unreal Projects/Scripting_For_Games/Content/Sprites/Wizard/sorlo_super_sheet_Sprite_65.uasset" 226
"D:/Documents/Unreal Projects/Scripting_For_Games/Content/Sprites/Wizard/sorlo_super_sheet_Sprite_66.uasset" 227
"D:/Documents/Unreal Projects/Scripting_For_Games/Content/Sprites/Wizard/sorlo_super_sheet_Sprite_67.uasset" 228
"D:/Documents/Unreal Projects/Scripting_For_Games/Content/Sprites/Wizard/sorlo_super_sheet_Sprite_68.uasset" 229
"D:/Documents/Unreal Projects/Scripting_For_Games/Content/Animations/Wizard_Fireball.uasset" 230
"D:/Documents/Unreal Projects/Scripting_For_Games/Content/Blueprints/2DGamemode.uasset" 231
"D:/Documents/Unreal Projects/Scripting_For_Games/Content/Sprites/Coin/40c77fce6fbb4c3_0000_Layer-6.uasset" 232
"D:/Documents/Unreal Projects/Scripting_For_Games/Content/Sprites/Coin/40c77fce6fbb4c3_0001_Layer-5.uasset" 233
"D:/Documents/Unreal Projects/Scripting_For_Games/Content/Sprites/Coin/40c77fce6fbb4c3_0002_Layer-4.uasset" 234
"D:/Documents/Unreal Projects/Scripting_For_Games/Content/Sprites/Coin/40c77fce6fbb4c3_0003_Layer-3.uasset" 235
"D:/Documents/Unreal Projects/Scripting_For_Games/Content/Sprites/Coin/40c77fce6fbb4c3_0005_Layer-1.uasset" 236
"D:/Documents/Unreal Projects/Scripting_For_Games/Content/Sprites/Wizard/sorlo_super_sheet_Sprite_0.uasset" 237
"D:/Documents/Unreal Projects/Scripting_For_Games/Content/Sprites/Wizard/sorlo_super_sheet_Sprite_1.uasset" 238
"D:/Documents/Unreal Projects/Scripting_For_Games/Content/Sprites/Wizard/sorlo_super_sheet_Sprite_12.uasset" 239
"D:/Documents/Unreal Projects/Scripting_For_Games/Content/Sprites/Wizard/sorlo_super_sheet_Sprite_13.uasset" 240
"D:/Documents/Unreal Projects/Scripting_For_Games/Content/Sprites/Wizard/sorlo_super_sheet_Sprite_14.uasset" 241
"D:/Documents/Unreal Projects/Scripting_For_Games/Content/Sprites/Wizard/sorlo_super_sheet_Sprite_15.uasset" 242
"D:/Documents/Unreal Projects/Scripting_For_Games/Content/Sprites/Wizard/sorlo_super_sheet_Sprite_16.uasset" 243
"D:/Documents/Unreal Projects/Scripting_For_Games/Content/Sprites/Wizard/sorlo_super_sheet_Sprite_17.uasset" 244
"D:/Documents/Unreal Projects/Scripting_For_Games/Content/Sprites/Wizard/sorlo_super_sheet_Sprite_18.uasset" 245
"D:/Documents/Unreal Projects/Scripting_For_Games/Content/Sprites/Wizard/sorlo_super_sheet_Sprite_19.uasset" 246
"D:/Documents/Unreal Projects/Scripting_For_Games/Content/Sprites/Wizard/sorlo_super_sheet_Sprite_2.uasset" 247
"D:/Documents/Unreal Projects/Scripting_For_Games/Content/Sprites/Wizard/sorlo_super_sheet_Sprite_20.uasset" 248
"D:/Documents/Unreal Projects/Scripting_For_Games/Content/Sprites/Wizard/sorlo_super_sheet_Sprite_21.uasset" 249
"D:/Documents/Unreal Projects/Scripting_For_Games/Content/Sprites/Wizard/sorlo_super_sheet_Sprite_22.uasset" 250
"D:/Documents/Unreal Projects/Scripting_For_Games/Content/Sprites/Wizard/sorlo_super_sheet_Sprite_23.uasset" 251
"D:/Documents/Unreal Projects/Scripting_For_Games/Content/Sprites/Wizard/sorlo_super_sheet_Sprite_24.uasset" 252
"D:/Documents/Unreal Projects/Scripting_For_Games/Content/Sprites/Wizard/sorlo_super_sheet_Sprite_25.uasset" 253
"D:/Documents/Unreal Projects/Scripting_For_Games/Content/Sprites/Wizard/sorlo_super_sheet_Sprite_26.uasset" 254
"D:/Documents/Unreal Projects/Scripting_For_Games/Content/Sprites/Wizard/sorlo_super_sheet_Sprite_27.uasset" 255
"D:/Documents/Unreal Projects/Scripting_For_Games/Content/Sprites/Wizard/sorlo_super_sheet_Sprite_28.uasset" 256
"D:/Documents/Unreal Projects/Scripting_For_Games/Content/Sprites/Wizard/sorlo_super_sheet_Sprite_29.uasset" 257
"D:/Documents/Unreal Projects/Scripting_For_Games/Content/Sprites/Wizard/sorlo_super_sheet_Sprite_3.uasset" 258
"D:/Documents/Unreal Projects/Scripting_For_Games/Content/Sprites/Wizard/sorlo_super_sheet_Sprite_30.uasset" 259
"D:/Documents/Unreal Projects/Scripting_For_Games/Content/Sprites/Wizard/sorlo_super_sheet_Sprite_31.uasset" 260
"D:/Documents/Unreal Projects/Scripting_For_Games/Content/Sprites/Wizard/sorlo_super_sheet_Sprite_32.uasset" 261
"D:/Documents/Unreal Projects/Scripting_For_Games/Content/Sprites/Wizard/sorlo_super_sheet_Sprite_33.uasset" 262
"D:/Documents/Unreal Projects/Scripting_For_Games/Content/Sprites/Wizard/sorlo_super_sheet_Sprite_34.uasset" 263
"D:/Documents/Unreal Projects/Scripting_For_Games/Content/Sprites/Wizard/sorlo_super_sheet_Sprite_35.uasset" 264
"D:/Documents/Unreal Projects/Scripting_For_Games/Content/Sprites/Wizard/sorlo_super_sheet_Sprite_36.uasset" 265
"D:/Documents/Unreal Projects/Scripting_For_Games/Content/Sprites/Wizard/sorlo_super_sheet_Sprite_37.uasset" 266
"D:/Documents/Unreal Projects/Scripting_For_Games/Content/Sprites/Wizard/sorlo_super_sheet_Sprite_38.uasset" 267
"D:/Documents/Unreal Projects/Scripting_For_Games/Content/Sprites/Wizard/sorlo_super_sheet_Sprite_39.uasset" 268
"D:/Documents/Unreal Projects/Scripting_For_Games/Content/Sprites/Wizard/sorlo_super_sheet_Sprite_4.uasset" 269
"D:/Documents/Unreal Projects/Scripting_For_Games/Content/Sprites/Wizard/sorlo_super_sheet_Sprite_40.uasset" 270
"D:/Documents/Unreal Projects/Scripting_For_Games/Content/Sprites/Wizard/sorlo_super_sheet_Sprite_41.uasset" 271
"D:/Documents/Unreal Projects/Scripting_For_Games/Content/Sprites/Wizard/sorlo_super_sheet_Sprite_42.uasset" 272
"D:/Documents/Unreal Projects/Scripting_For_Games/Content/Sprites/Wizard/sorlo_super_sheet_Sprite_43.uasset" 273
"D:/Documents/Unreal Projects/Scripting_For_Games/Content/Sprites/Wizard/sorlo_super_sheet_Sprite_44.uasset" 274
"D:/Documents/Unreal Projects/Scripting_For_Games/Content/Sprites/Wizard/sorlo_super_sheet_Sprite_45.uasset" 275
"D:/Documents/Unreal Projects/Scripting_For_Games/Content/Sprites/Wizard/sorlo_super_sheet_Sprite_46.uasset" 276
"D:/Documents/Unreal Projects/Scripting_For_Games/Content/Sprites/Wizard/sorlo_super_sheet_Sprite_47.uasset" 277
"D:/Documents/Unreal Projects/Scripting_For_Games/Content/Sprites/Wizard/sorlo_super_sheet_Sprite_48.uasset" 278
"D:/Documents/Unreal Projects/Scripting_For_Games/Content/Sprites/Wizard/sorlo_super_sheet_Sprite_49.uasset" 279
"D:/Documents/Unreal Projects/Scripting_For_Games/Content/Sprites/Wizard/sorlo_super_sheet_Sprite_5.uasset" 280
"D:/Documents/Unreal Projects/Scripting_For_Games/Content/Sprites/Wizard/sorlo_super_sheet_Sprite_50.uasset" 281
"D:/Documents/Unreal Projects/Scripting_For_Games/Content/Sprites/Wizard/sorlo_super_sheet_Sprite_51.uasset" 282
"D:/Documents/Unreal Projects/Scripting_For_Games/Content/Sprites/Wizard/sorlo_super_sheet_Sprite_52.uasset" 283
"D:/Documents/Unreal Projects/Scripting_For_Games/Content/Sprites/Wizard/sorlo_super_sheet_Sprite_53.uasset" 284
"D:/Documents/Unreal Projects/Scripting_For_Games/Content/Sprites/Wizard/sorlo_super_sheet_Sprite_54.uasset" 285
"D:/Documents/Unreal Projects/Scripting_For_Games/Content/Sprites/Wizard/sorlo_super_sheet_Sprite_55.uasset" 286
"D:/Documents/Unreal Projects/Scripting_For_Games/Content/Sprites/Wizard/sorlo_super_sheet_Sprite_56.uasset" 287
"D:/Documents/Unreal Projects/Scripting_For_Games/Content/Sprites/Wizard/sorlo_super_sheet_Sprite_57.uasset" 288
"D:/Documents/Unreal Projects/Scripting_For_Games/Content/Sprites/Wizard/sorlo_super_sheet_Sprite_58.uasset" 289
"D:/Documents/Unreal Projects/Scripting_For_Games/Content/Sprites/Wizard/sorlo_super_sheet_Sprite_59.uasset" 290
"D:/Documents/Unreal Projects/Scripting_For_Games/Content/Sprites/Wizard/sorlo_super_sheet_Sprite_6.uasset" 291
"D:/Documents/Unreal Projects/Scripting_For_Games/Content/Sprites/Wizard/sorlo_super_sheet_Sprite_60.uasset" 292
"D:/Documents/Unreal Projects/Scripting_For_Games/Content/Sprites/Wizard/sorlo_super_sheet_Sprite_61.uasset" 293
"D:/Documents/Unreal Projects/Scripting_For_Games/Content/Sprites/Wizard/sorlo_super_sheet_Sprite_62.uasset" 294
"D:/Documents/Unreal Projects/Scripting_For_Games/Content/Sprites/Wizard/sorlo_super_sheet_Sprite_7.uasset" 295
"../../../Engine/Content/Animation/DefaultAnimCurveCompressionSettings.uasset" 296
"../../../Engine/Content/Functions/Engine_MaterialFunctions01/Opacity/CameraDepthFade.uasset" 297
"../../../Engine/Content/EngineMaterials/T_Default_Material_Grid_M.uasset" 298
"../../../Engine/Content/EngineMaterials/T_Default_Material_Grid_N.uasset" 299
"../../../Engine/Content/EngineMaterials/WorldGridMaterial.uasset" 300
"../../../Engine/Content/ArtTools/RenderToTexture/Meshes/S_1_Unit_Plane.uasset" 301
"../../../Engine/Content/EngineMaterials/DefaultMaterial.uasset" 302
"../../../Engine/Content/BasicShapes/Cone.uasset" 303
"../../../Engine/Content/BasicShapes/Cube.uasset" 304
"../../../Engine/Content/BasicShapes/Cylinder.uasset" 305
"../../../Engine/Content/BasicShapes/Plane.uasset" 306
"../../../Engine/Content/BasicShapes/Sphere.uasset" 307
"../../../Engine/Content/EditorLandscapeResources/DataLayer.uasset" 308
"../../../Engine/Content/EditorMaterials/MAT_Groups_Toggle.uasset" 309
"../../../Engine/Content/EditorMaterials/MAT_Groups_Visibility.uasset" 310
"../../../Engine/Content/EditorMaterials/PreviewShadowIndicator.uasset" 311
"../../../Engine/Content/EditorMaterials/PreviewShadowIndicatorMaterial.uasset" 312
"../../../Engine/Content/EditorMaterials/MatineeGroups/MAT_ColorTrack.uasset" 313
"../../../Engine/Content/EditorMaterials/MatineeGroups/MAT_Groups_Anim.uasset" 314
"../../../Engine/Content/EditorMaterials/MatineeGroups/MAT_Groups_AudioMaster.uasset" 315
"../../../Engine/Content/EditorMaterials/MatineeGroups/MAT_Groups_Director.uasset" 316
"../../../Engine/Content/EditorMaterials/MatineeGroups/MAT_Groups_Event.uasset" 317
"../../../Engine/Content/EditorMaterials/MatineeGroups/MAT_Groups_Fade.uasset" 318
"../../../Engine/Content/EditorMaterials/MatineeGroups/MAT_Groups_Float.uasset" 319
"../../../Engine/Content/EditorMaterials/MatineeGroups/MAT_Groups_Move.uasset" 320
"../../../Engine/Content/EditorMaterials/MatineeGroups/MAT_Groups_Slomo.uasset" 321
"../../../Engine/Content/EditorMaterials/MatineeGroups/MAT_Groups_Sound.uasset" 322
"../../../Engine/Content/EditorMaterials/MatineeGroups/MAT_Groups_Vector.uasset" 323
"../../../Engine/Content/EditorMaterials/ParticleSystems/PSysThumbnail_NoImage.uasset" 324
"../../../Engine/Content/EditorMaterials/ParticleSystems/PSysThumbnail_OOD.uasset" 325
"../../../Engine/Content/EditorMaterials/Camera/CineMat.uasset" 326
"../../../Engine/Content/EditorMaterials/Camera/MI_CineMat_Rig.uasset" 327
"../../../Engine/Content/EditorMeshes/Camera/SM_CraneRig_Arm.uasset" 328
"../../../Engine/Content/EditorMeshes/Camera/SM_CraneRig_Base.uasset" 329
"../../../Engine/Content/EditorMeshes/Camera/SM_CraneRig_Body.uasset" 330
"../../../Engine/Content/EditorMeshes/Camera/SM_CraneRig_Mount.uasset" 331
"../../../Engine/Content/EditorMeshes/Camera/SM_RailRig_Mount.uasset" 332
"../../../Engine/Content/EditorMeshes/Camera/SM_RailRig_Track.uasset" 333
"../../../Engine/Content/EditorResources/BSPVertex.uasset" 334
"../../../Engine/Content/EditorResources/EmptyActor.uasset" 335
"../../../Engine/Content/EditorResources/S_Actor.uasset" 336
"../../../Engine/Content/EditorResources/S_Note.uasset" 337
"../../../Engine/Content/EditorResources/S_Solver.uasset" 338
"../../../Engine/Content/EditorResources/S_Trigger.uasset" 339
"../../../Engine/Content/EditorResources/SequenceRecorder/Countdown.uasset" 340
"../../../Engine/Content/EditorResources/SequenceRecorder/RecordingIndicator.uasset" 341
"../../../Engine/Content/EditorSounds/Notifications/CompileFailed.uasset" 342
"../../../Engine/Content/EditorSounds/Notifications/CompileFailed_Cue.uasset" 343
"../../../Engine/Content/EditorSounds/Notifications/CompileSuccess.uasset" 344
"../../../Engine/Content/EditorSounds/Notifications/CompileStart_Cue.uasset" 345
"../../../Engine/Content/EditorSounds/Notifications/CompileSuccess_Cue.uasset" 346
"../../../Engine/Content/EngineDamageTypes/DmgTypeBP_Environmental.uasset" 347
"../../../Engine/Content/EngineDebugMaterials/DebugEditorMaterial.uasset" 348
"../../../Engine/Content/EngineDebugMaterials/DebugMeshMaterial.uasset" 349
"../../../Engine/Content/EngineDebugMaterials/M_SimpleUnlitTranslucent.uasset" 350
"../../../Engine/Content/Functions/Engine_MaterialFunctions02/Utility/CameraDirectionVector.uasset" 351
"../../../Engine/Content/EngineDebugMaterials/VolumeToRender.uasset" 352
"../../../Engine/Content/EngineDebugMaterials/M_VolumeRenderSphereTracePP.uasset" 353
"../../../Engine/Content/EngineDebugMaterials/WireframeMaterial.uasset" 354
"../../../Engine/Content/EngineFonts/Faces/DroidSansFallback.uasset" 355
"../../../Engine/Content/EngineFonts/Faces/RobotoBold.uasset" 356
"../../../Engine/Content/EngineFonts/Faces/RobotoBoldItalic.uasset" 357
"../../../Engine/Content/EngineFonts/Faces/RobotoItalic.uasset" 358
"../../../Engine/Content/EngineFonts/Faces/RobotoLight.uasset" 359
"../../../Engine/Content/EngineFonts/Faces/RobotoRegular.uasset" 360
"../../../Engine/Content/EngineFonts/Roboto.uasset" 361
"../../../Engine/Content/EngineMaterials/BaseFlattenDiffuseMap.uasset" 362
"../../../Engine/Content/EngineMaterials/BaseFlattenEmissiveMap.uasset" 363
"../../../Engine/Content/EngineMaterials/BaseFlattenGrayscaleMap.uasset" 364
"../../../Engine/Content/EngineMaterials/BaseFlattenNormalMap.uasset" 365
"../../../Engine/Content/EngineMaterials/BaseFlattenMaterial.uasset" 366
"../../../Engine/Content/EngineMaterials/BlueNoise.uasset" 367
"../../../Engine/Content/EngineMaterials/DefaultBloomKernel.uasset" 368
"../../../Engine/Content/EngineMaterials/DefaultBokeh.uasset" 369
"../../../Engine/Content/EngineMaterials/DefaultDeferredDecalMaterial.uasset" 370
"../../../Engine/Content/EngineMaterials/DefaultLightFunctionMaterial.uasset" 371
"../../../Engine/Content/EngineMaterials/DefaultPhysicalMaterial.uasset" 372
"../../../Engine/Content/EngineMaterials/DefaultPostProcessMaterial.uasset" 373
"../../../Engine/Content/EngineFonts/RobotoDistanceField.uasset" 374
"../../../Engine/Content/EngineMaterials/DefaultTextMaterialOpaque.uasset" 375
"../../../Engine/Content/EngineMaterials/DefaultWhiteGrid.uasset" 376
"../../../Engine/Content/EngineMaterials/DefaultWhiteGrid_Low.uasset" 377
"../../../Engine/Content/EngineMaterials/EmissiveMeshMaterial.uasset" 378
"../../../Engine/Content/EngineMaterials/GizmoMaterial.uasset" 379
"../../../Engine/Content/EngineMaterials/Good64x64TilingNoiseHighFreq.uasset" 380
"../../../Engine/Content/EngineMaterials/MiniFont.uasset" 381
"../../../Engine/Content/EngineMaterials/InvalidLightmapSettings.uasset" 382
"../../../Engine/Content/EngineMaterials/M_InvalidLightmapSettings.uasset" 383
"../../../Engine/Content/Functions/Engine_MaterialFunctions02/WorldPositionOffset/CameraOffset.uasset" 384
"../../../Engine/Content/EngineMaterials/PhAT_JointLimitMaterial.uasset" 385
"../../../Engine/Content/EngineMaterials/PreintegratedSkinBRDF.uasset" 386
"../../../Engine/Content/EngineMaterials/RemoveSurfaceMaterial.uasset" 387
"../../../Engine/Content/EngineMaterials/WeightMapPlaceholderTexture.uasset" 388
"../../../Engine/Content/EngineResources/WhiteSquareTexture.uasset" 389
"../../../Engine/Content/EngineMaterials/Widget3DPassThrough.uasset" 390
"../../../Engine/Content/EngineMaterials/Widget3DPassThrough_Masked.uasset" 391
"../../../Engine/Content/EngineMaterials/Widget3DPassThrough_Opaque.uasset" 392
"../../../Engine/Content/EngineMaterials/Widget3DPassThrough_Masked_OneSided.uasset" 393
"../../../Engine/Content/EngineMaterials/Widget3DPassThrough_Opaque_OneSided.uasset" 394
"../../../Engine/Content/EngineMaterials/Widget3DPassThrough_Translucent.uasset" 395
"../../../Engine/Content/EngineMaterials/Widget3DPassThrough_Translucent_OneSided.uasset" 396
"../../../Engine/Content/EngineMeshes/Cylinder.uasset" 397
"../../../Engine/Content/EngineMeshes/Sphere.uasset" 398
"../../../Engine/Content/EngineResources/Black.uasset" 399
"../../../Engine/Content/EngineResources/DefaultTexture.uasset" 400
"../../../Engine/Content/EngineResources/DefaultTextureCube.uasset" 401
"../../../Engine/Content/EngineResources/DefaultVolumeTexture2D.uasset" 402
"../../../Engine/Content/EngineResources/DefaultVolumeTexture.uasset" 403
"../../../Engine/Content/EngineResources/GradientTexture0.uasset" 404
"../../../Engine/Content/EngineSounds/Master.uasset" 405
"../../../Engine/Content/Functions/Engine_MaterialFunctions01/Shading/ConvertFromDiffSpec.uasset" 406
"../../../Engine/Content/Functions/Engine_MaterialFunctions01/Shading/PowerToRoughness.uasset" 407
"../../../Engine/Content/Maps/Templates/Thumbnails/Default.uasset" 408
"../../../Engine/Content/Maps/Templates/Thumbnails/TimeOfDay.uasset" 409
"../../../Engine/Content/Maps/Templates/Thumbnails/VR-Basic.uasset" 410
"../../../Engine/Content/MobileResources/T_MobileControls_texture.uasset" 411
"../../../Engine/Content/MobileResources/T_MobileMenu2.uasset" 412
"../../../Engine/Content/MobileResources/HUD/AnalogHat.uasset" 413
"../../../Engine/Content/MobileResources/HUD/VirtualJoystick_Background.uasset" 414
"../../../Engine/Content/MobileResources/HUD/VirtualJoystick_Thumb.uasset" 415
"../../../Engine/Content/MobileResources/HUD/DefaultVirtualJoysticks.uasset" 416
"../../../Engine/Content/MobileResources/HUD/LeftVirtualJoystickOnly.uasset" 417
"../../../Engine/Content/MobileResources/HUD/MobileHUDButton1_off.uasset" 418
"../../../Engine/Content/MobileResources/HUD/MobileHUDButton1_on.uasset" 419
"../../../Engine/Content/MobileResources/HUD/MobileHUDButton2_off.uasset" 420
"../../../Engine/Content/MobileResources/HUD/MobileHUDButton2_on.uasset" 421
"../../../Engine/Content/MobileResources/HUD/MobileHUDButton3.uasset" 422
"../../../Engine/Content/MobileResources/HUD/MobileHUDButtonFire.uasset" 423
"../../../Engine/Content/MobileResources/HUD/MobileHUDDirectionPad.uasset" 424
"../../../Engine/Content/MobileResources/HUD/MobileHUDDirectionPad2.uasset" 425
"../../../Engine/Content/MobileResources/HUD/MobileHUDDirectionPad3.uasset" 426
"../../../Engine/Content/MobileResources/HUD/MobileHUDDirectionStick.uasset" 427
"../../../Engine/Content/MobileResources/HUD/T_Castle_ThumbstickInner.uasset" 428
"../../../Engine/Content/MobileResources/HUD/T_Castle_ThumbstickOutter.uasset" 429
"../../../Engine/Content/Tutorial/ContentIntroCurve.uasset" 430
"../../../Engine/Content/VREditor/LaserPointer/VR_LaserPower_01.uasset" 431
"../../../Engine/Content/VREditor/TransformGizmo/TransformGizmoMaterial.uasset" 432
"../../../Engine/Content/VREditor/TransformGizmo/TranslucentTransformGizmoMaterial.uasset" 433
"../../../Engine/Content/VREditor/TransformGizmo/BoundingBoxCorner.uasset" 434
"../../../Engine/Content/VREditor/TransformGizmo/BoundingBoxEdge.uasset" 435
"../../../Engine/Content/VREditor/TransformGizmo/PlaneTranslationHandle.uasset" 436
"../../../Engine/Content/VREditor/TransformGizmo/Main.uasset" 437
"../../../Engine/Content/VREditor/TransformGizmo/Xray.uasset" 438
"../../../Engine/Content/VREditor/TransformGizmo/SM_Sequencer_Key.uasset" 439
"../../../Engine/Content/VREditor/TransformGizmo/SM_Sequencer_Node.uasset" 440
"../../Plugins/2D/Paper2D/Content/DummySprite.uasset" 441
"../../Plugins/2D/Paper2D/Content/DefaultPaperTerrainMaterial.uasset" 442
"../../Plugins/2D/Paper2D/Content/MaskedUnlitSpriteMaterial.uasset" 443
"../../Plugins/2D/Paper2D/Content/OpaqueUnlitSpriteMaterial.uasset" 444
"../../Plugins/FX/Niagara/Content/Enums/ENiagaraBooleanLogicOps.uasset" 445
"../../Plugins/FX/Niagara/Content/Enums/ENiagaraCoordinateSpace.uasset" 446
"../../Plugins/FX/Niagara/Content/Enums/ENiagaraExpansionMode.uasset" 447
"../../Plugins/FX/Niagara/Content/Enums/ENiagaraOrientationAxis.uasset" 448
"../../Plugins/FX/Niagara/Content/Enums/ENiagaraRandomnessMode.uasset" 449
"../../../Engine/Content/Functions/Engine_MaterialFunctions02/Utility/BreakOutFloat4Components.uasset" 450
"../../../Engine/Content/Functions/Engine_MaterialFunctions02/Utility/MakeFloat2.uasset" 451
"../../../Engine/Content/Functions/Engine_MaterialFunctions02/Utility/MakeFloat3.uasset" 452
"../../Plugins/Runtime/Oculus/OculusVR/Content/Materials/OculusMR_ChromaKey.uasset" 453
"../../Plugins/Runtime/Oculus/OculusVR/Content/Materials/OculusMR_ChromaKey_Lit.uasset" 454
"../../Plugins/Runtime/Oculus/OculusVR/Content/Materials/OculusMR_OpaqueColoredMaterial.uasset" 455
"../../Plugins/Runtime/Oculus/OculusVR/Content/Materials/OculusMR_WhiteMaterial.uasset" 456
"D:/Documents/Unreal Projects/Scripting_For_Games/Content/Sprites/Coin/40c77fce6fbb4c3_0000_Layer-6_Sprite.uasset" 457
"D:/Documents/Unreal Projects/Scripting_For_Games/Content/Sprites/Coin/40c77fce6fbb4c3_0001_Layer-5_Sprite.uasset" 458
"D:/Documents/Unreal Projects/Scripting_For_Games/Content/Sprites/Coin/40c77fce6fbb4c3_0002_Layer-4_Sprite.uasset" 459
"D:/Documents/Unreal Projects/Scripting_For_Games/Content/Sprites/Coin/40c77fce6fbb4c3_0003_Layer-3_Sprite.uasset" 460
"D:/Documents/Unreal Projects/Scripting_For_Games/Content/Sprites/Coin/40c77fce6fbb4c3_0004_Layer-2_Sprite.uasset" 461
"D:/Documents/Unreal Projects/Scripting_For_Games/Content/Sprites/Coin/40c77fce6fbb4c3_0005_Layer-1_Sprite.uasset" 462
"D:/Documents/Unreal Projects/Scripting_For_Games/Content/Sprites/Coin/NewPaperFlipbook.uasset" 463
"D:/Documents/Unreal Projects/Scripting_For_Games/Content/Coin.uasset" 464
"D:/Documents/Unreal Projects/Scripting_For_Games/Content/Maps/Level_1_BuiltData.uasset" 465
"D:/Documents/Unreal Projects/Scripting_For_Games/Content/Sprites/Coin/40c77fce6fbb4c3_0004_Layer-2.uasset" 466
"D:/Documents/Unreal Projects/Scripting_For_Games/Content/Coins.uasset" 467
"D:/Documents/Unreal Projects/Scripting_For_Games/Content/Health.uasset" 468
"D:/Documents/Unreal Projects/Scripting_For_Games/Content/tilesetOpenGame.uasset" 469
"D:/Documents/Unreal Projects/Scripting_For_Games/Content/tilesetOpenGame_TileSet.uasset" 470
"D:/Documents/Unreal Projects/Scripting_For_Games/Content/Level1.uasset" 471
"D:/Documents/Unreal Projects/Scripting_For_Games/Content/Maps/Level_1.umap" 472
"../../../Engine/Content/Maps/Entry_BuiltData.uasset" 473
"../../../Engine/Content/Maps/Entry.umap" 474
